# JRE version: OpenJDK Runtime Environment Microsoft-8297089 (17.0.8.1+1) (build 17.0.8.1+1-LTS)
# Java VM: OpenJDK 64-Bit Server VM Microsoft-8297089 (17.0.8.1+1-LTS, mixed mode, sharing, tiered, compressed oops, compressed class ptrs, g1 gc, windows-amd64)
GC Precious Log:
 CPUs: 8 total, 8 available
 Memory: 16077M
 Large Page Support: Disabled
 NUMA Support: Disabled
 Compressed Oops: Enabled (32-bit)
 Heap Region Size: 1M
 Heap Min Capacity: 8M
 Heap Initial Capacity: 252M
 Heap Max Capacity: 1G
 Pre-touch: Disabled
 Parallel Workers: 8
 Concurrent Workers: 2
 Concurrent Refinement Workers: 8
 Periodic GC: Disabled
Heap:
 garbage-first heap   total 348160K, used 141222K [0x00000000c0000000, 0x0000000100000000)
  region size 1024K, 22 young (22528K), 11 survivors (11264K)
 Metaspace       used 9061K, committed 9216K, reserved 1114112K
  class space    used 1072K, committed 1152K, reserved 1048576K
GC Heap History (18 events):
Event: 1.896 GC heap before
{Heap before GC invocations=0 (full 0):
 garbage-first heap   total 258048K, used 30720K [0x00000000c0000000, 0x0000000100000000)
  region size 1024K, 23 young (23552K), 0 survivors (0K)
 Metaspace       used 4856K, committed 5056K, reserved 1114112K
  class space    used 523K, committed 640K, reserved 1048576K
}
Event: 1.910 GC heap after
{Heap after GC invocations=1 (full 0):
 garbage-first heap   total 258048K, used 8821K [0x00000000c0000000, 0x0000000100000000)
  region size 1024K, 3 young (3072K), 3 survivors (3072K)
 Metaspace       used 4856K, committed 5056K, reserved 1114112K
  class space    used 523K, committed 640K, reserved 1048576K
}
Event: 2.804 GC heap before
{Heap before GC invocations=1 (full 0):
 garbage-first heap   total 258048K, used 37493K [0x00000000c0000000, 0x0000000100000000)
  region size 1024K, 26 young (26624K), 3 survivors (3072K)
 Metaspace       used 5639K, committed 5824K, reserved 1114112K
  class space    used 612K, committed 704K, reserved 1048576K
}
Event: 2.821 GC heap after
{Heap after GC invocations=2 (full 0):
 garbage-first heap   total 258048K, used 14319K [0x00000000c0000000, 0x0000000100000000)
  region size 1024K, 4 young (4096K), 4 survivors (4096K)
 Metaspace       used 5639K, committed 5824K, reserved 1114112K
  class space    used 612K, committed 704K, reserved 1048576K
}
Event: 3.098 GC heap before
{Heap before GC invocations=2 (full 0):
 garbage-first heap   total 258048K, used 58351K [0x00000000c0000000, 0x0000000100000000)
  region size 1024K, 46 young (47104K), 4 survivors (4096K)
 Metaspace       used 5645K, committed 5824K, reserved 1114112K
  class space    used 612K, committed 704K, reserved 1048576K
}
Event: 3.104 GC heap after
{Heap after GC invocations=3 (full 0):
 garbage-first heap   total 258048K, used 24059K [0x00000000c0000000, 0x0000000100000000)
  region size 1024K, 6 young (6144K), 6 survivors (6144K)
 Metaspace       used 5645K, committed 5824K, reserved 1114112K
  class space    used 612K, committed 704K, reserved 1048576K
}
Event: 3.551 GC heap before
{Heap before GC invocations=3 (full 0):
 garbage-first heap   total 258048K, used 104955K [0x00000000c0000000, 0x0000000100000000)
  region size 1024K, 85 young (87040K), 6 survivors (6144K)
 Metaspace       used 5654K, committed 5824K, reserved 1114112K
  class space    used 612K, committed 704K, reserved 1048576K
}
Event: 3.560 GC heap after
{Heap after GC invocations=4 (full 0):
 garbage-first heap   total 258048K, used 40960K [0x00000000c0000000, 0x0000000100000000)
  region size 1024K, 11 young (11264K), 11 survivors (11264K)
 Metaspace       used 5654K, committed 5824K, reserved 1114112K
  class space    used 612K, committed 704K, reserved 1048576K
}
Event: 4.429 GC heap before
{Heap before GC invocations=4 (full 0):
 garbage-first heap   total 258048K, used 141312K [0x00000000c0000000, 0x0000000100000000)
  region size 1024K, 109 young (111616K), 11 survivors (11264K)
 Metaspace       used 7255K, committed 7424K, reserved 1114112K
  class space    used 798K, committed 896K, reserved 1048576K
}
Event: 4.472 GC heap after
{Heap after GC invocations=5 (full 0):
 garbage-first heap   total 258048K, used 65100K [0x00000000c0000000, 0x0000000100000000)
  region size 1024K, 14 young (14336K), 14 survivors (14336K)
 Metaspace       used 7255K, committed 7424K, reserved 1114112K
  class space    used 798K, committed 896K, reserved 1048576K
}
Event: 4.796 GC heap before
{Heap before GC invocations=5 (full 0):
 garbage-first heap   total 258048K, used 122444K [0x00000000c0000000, 0x0000000100000000)
  region size 1024K, 71 young (72704K), 14 survivors (14336K)
 Metaspace       used 7503K, committed 7744K, reserved 1114112K
  class space    used 830K, committed 960K, reserved 1048576K
}
Event: 4.832 GC heap after
{Heap after GC invocations=6 (full 0):
 garbage-first heap   total 258048K, used 78336K [0x00000000c0000000, 0x0000000100000000)
  region size 1024K, 9 young (9216K), 9 survivors (9216K)
 Metaspace       used 7503K, committed 7744K, reserved 1114112K
  class space    used 830K, committed 960K, reserved 1048576K
}
Event: 5.633 GC heap before
{Heap before GC invocations=6 (full 0):
 garbage-first heap   total 258048K, used 158208K [0x00000000c0000000, 0x0000000100000000)
  region size 1024K, 88 young (90112K), 9 survivors (9216K)
 Metaspace       used 7541K, committed 7744K, reserved 1114112K
  class space    used 833K, committed 960K, reserved 1048576K
}
Event: 5.680 GC heap after
{Heap after GC invocations=7 (full 0):
 garbage-first heap   total 258048K, used 97792K [0x00000000c0000000, 0x0000000100000000)
  region size 1024K, 11 young (11264K), 11 survivors (11264K)
 Metaspace       used 7541K, committed 7744K, reserved 1114112K
  class space    used 833K, committed 960K, reserved 1048576K
}
Event: 5.984 GC heap before
{Heap before GC invocations=7 (full 0):
 garbage-first heap   total 258048K, used 159232K [0x00000000c0000000, 0x0000000100000000)
  region size 1024K, 67 young (68608K), 11 survivors (11264K)
 Metaspace       used 7541K, committed 7744K, reserved 1114112K
  class space    used 833K, committed 960K, reserved 1048576K
}
Event: 6.026 GC heap after
{Heap after GC invocations=8 (full 0):
 garbage-first heap   total 258048K, used 115200K [0x00000000c0000000, 0x0000000100000000)
  region size 1024K, 9 young (9216K), 9 survivors (9216K)
 Metaspace       used 7541K, committed 7744K, reserved 1114112K
  class space    used 833K, committed 960K, reserved 1048576K
}
Event: 6.392 GC heap before
{Heap before GC invocations=8 (full 0):
 garbage-first heap   total 258048K, used 189952K [0x00000000c0000000, 0x0000000100000000)
  region size 1024K, 82 young (83968K), 9 survivors (9216K)
 Metaspace       used 7542K, committed 7744K, reserved 1114112K
  class space    used 833K, committed 960K, reserved 1048576K
}
Event: 6.431 GC heap after
{Heap after GC invocations=9 (full 0):
 garbage-first heap   total 348160K, used 132006K [0x00000000c0000000, 0x0000000100000000)
  region size 1024K, 11 young (11264K), 11 survivors (11264K)
 Metaspace       used 7542K, committed 7744K, reserved 1114112K
  class space    used 833K, committed 960K, reserved 1048576K
}

